# ca-GrQc 4158 13428 2
0 0
4016 1
1 1
2977 1
258 0
421 1
1201 1
2 1
2312 1
1266 0
3652 1
1887 0
3 0
3841 1
2244 0
1644 0
586 1
371 1
2254 1
1103 1
3600 0
25 1
1946 1
2075 1
2654 1
863 1
2724 0
935 1
4075 1
812 1
3181 1
2685 0
3440 1
1137 0
3570 0
2611 1
3437 1
316 1
1162 1
4 1
2625 0
3850 1
82 1
5 1
3467 1
6 0
2262 0
3822 0
7 1
618 0
866 1
3797 1
8 1
265 1
9 0
3609 0
10 1
2866 1
579 0
116 1
759 0
11 1
3538 1
12 0
2624 1
506 1
13 1
1378 1
227 1
1428 0
1101 0
14 1
1016 1
3806 1
1295 1
15 0
3096 0
4130 1
16 1
3376 1
2035 1
17 1
1748 1
3253 1
1718 1
296 1
3897 0
63 0
18 0
1680 0
3682 1
1246 1
19 1
3396 0
183 0
20 1
3832 1
2720 1
1290 0
2489 1
21 0
2656 1
904 1
2667 0
1996 1
22 1
23 1
2137 1
1783 1
3886 1
3487 1
24 0
2139 0
3808 1
1089 0
2087 1
488 1
3276 0
1199 1
2864 1
4152 0
3992 1
4026 0
667 1
3807 0
3039 0
26 1
3456 0
3846 0
3639 0
3641 1
3386 1
487 1
27 0
3744 0
3328 1
2715 0
3136 1
1947 0
3647 1
28 1
96 0
1569 0
635 1
1689 1
29 1
1826 1
3067 1
2341 1
2726 1
30 0
3115 1
51 0
2377 1
2168 1
1433 1
2267 1
1375 1
31 1
1977 0
32 1
672 0
3904 1
1859 1
3528 0
777 0
1515 0
1964 1
3789 0
3262 1
1456 1
3857 1
3314 1
3859 1
2709 0
1001 1
771 0
3577 1
2395 1
155 1
1242 0
3230 1
33 0
2533 1
34 1
1537 1
2114 1
1539 0
837 0
2633 1
2828 1
3536 1
3921 0
1042 1
787 1
4118 1
3863 1
2520 0
3225 0
3355 1
924 0
2847 0
800 1
929 1
930 0
166 1
1258 1
3246 0
3389 0
945 0
2738 1
4121 0
3382 1
3127 1
3578 0
2107 1
1852 1
3133 1
2111 1
35 1
1249 1
2988 0
36 0
3457 1
2083 1
645 0
2790 0
3686 1
782 1
37 1
2306 1
260 1
1480 1
1738 1
2380 1
845 1
1742 1
1019 1
440 1
2066 1
1891 1
3421 1
3223 1
4057 1
3290 1
3419 1
2525 1
1055 1
1597 1
3553 1
483 0
485 1
817 1
1704 0
2921 1
2731 1
3372 0
2477 1
366 0
3503 1
2546 1
1330 1
2515 1
3828 0
2302 1
2345 0
2296 1
1851 0
3516 0
1981 1
766 1
38 1
768 0
2307 0
2462 1
2479 1
1465 1
3273 0
1396 1
39 0
3229 1
939 0
244 1
3949 1
1271 1
40 1
3410 1
574 1
4054 1
3884 1
1577 1
3788 1
2686 1
41 1
704 1
2208 0
3145 1
2763 0
2284 1
429 0
47 1
1523 1
2196 0
1462 1
2199 0
2703 0
1948 1
42 0
256 1
1909 1
3030 0
3558 0
778 1
1133 1
237 0
43 1
3138 0
2598 0
2568 0
937 1
3351 0
1832 1
1040 1
2929 1
2290 1
4148 1
405 0
1846 1
2967 0
2362 1
232 1
1916 1
3325 1
1941 0
44 1
2576 1
3787 1
45 0
1872 0
46 1
547 1
647 1
48 0
1968 0
356 1
49 1
2000 1
2825 1
50 1
2304 0
1904 1
3874 1
2116 1
98 1
823 1
3831 0
3279 0
304 1
3122 1
2835 0
2870 1
1591 1
504 0
2234 1
1562 1
3095 1
2429 1
52 1
3716 1
2390 1
3913 1
3378 0
1164 0
2317 1
2318 1
2383 1
92 1
2616 0
914 1
1235 1
3284 1
1494 0
343 1
1432 1
1498 1
3356 1
2586 0
3743 1
2784 0
1296 0
3408 0
178 1
3817 1
1452 0
1069 1
1756 1
1264 1
2482 1
1843 1
3956 1
1397 1
1974 0
1592 1
3193 1
3770 1
3643 1
946 1
3645 0
735 0
3509 1
53 1
1505 1
228 0
705 0
2184 0
3241 1
117 0
1806 0
143 1
885 0
1357 1
2478 0
1177 1
3322 1
3547 1
3292 1
1109 1
1087 1
54 0
2762 1
3011 1
2647 1
55 1
642 0
2669 1
56 1
577 1
970 1
2602 1
3710 1
57 0
684 0
2225 1
2187 0
148 1
2799 0
58 1
1741 1
3774 0
59 1
3104 1
3172 1
3059 1
3587 1
1493 1
3702 0
1497 0
2424 0
873 0
3483 0
3765 0
60 0
285 0
61 1
3654 0
3735 0
62 1
3283 1
207 0
64 1
424 1
65 1
1280 1
1844 1
1260 0
161 1
3727 1
66 0
4012 1
175 1
67 1
640 1
3622 1
3703 1
68 1
4157 1
2085 0
69 0
2252 1
2655 0
70 1
4151 1
1750 1
2278 1
3343 1
71 1
384 0
2745 0
1893 0
1294 1
72 0
2978 1
73 1
74 1
1921 1
898 1
755 1
1779 0
346 1
1501 1
1518 0
75 0
466 1
3759 0
262 1
2710 1
1927 1
76 1
3648 0
3760 1
3554 1
2631 0
344 1
3801 0
2843 1
540 0
77 1
78 0
3762 0
3141 0
79 1
673 1
1571 0
3908 1
3430 1
2376 0
1548 0
1163 1
2572 1
2644 1
4062 0
889 1
3512 1
761 1
3194 1
1277 1
1214 1
3999 0
80 1
137 1
2779 1
573 0
910 1
81 0
123 0
3203 1
1725 0
1550 1
315 0
3566 0
83 1
4145 1
4115 1
2771 1
3175 1
3256 1
1303 1
84 0
651 0
1444 1
4038 0
1414 1
3755 1
3725 1
752 1
913 1
2123 1
3267 0
3511 1
3384 0
3004 1
85 1
1144 1
86 1
3681 0
1751 1
87 0
401 1
3323 1
1077 0
2257 1
1976 1
3324 0
1119 0
2459 1
2268 0
3909 0
88 1
2283 0
500 1
2277 0
89 1
2352 0
196 1
1381 1
1143 0
1389 0
3135 0
90 0
3954 0
598 1
3899 1
1324 1
1730 1
91 1
144 0
696 0
3117 0
583 1
1090 1
2311 1
741 0
814 1
3433 1
2750 1
93 0
2273 1
1339 1
726 0
2849 1
2737 1
1421 1
2894 1
1507 1
94 1
441 0
3211 1
3750 0
519 0
95 1
3168 0
1305 0
802 1
2388 0
2622 0
97 1
2700 0
99 0
113 1
3411 0
2615 1
3768 0
105 0
3242 1
909 0
153 0
100 1
652 1
101 1
3717 0
2591 1
102 0
3775 1
103 1
2339 1
1782 0
104 1
512 1
2104 1
106 1
1581 0
107 1
3401 1
3565 1
4050 0
2996 1
2648 1
122 1
443 1
3741 0
1471 1
108 0
1955 1
109 1
1670 0
4007 1
3215 1
3085 1
2222 1
2445 0
3700 1
664 1
3796 1
1499 1
509 1
2174 1
110 1
2476 1
1473 0
803 1
1209 0
1034 1
3595 1
2348 1
650 1
111 0
3730 1
2038 1
1854 0
112 1
2432 1
3856 1
322 1
381 0
114 0
1940 1
3462 0
711 0
115 1
2773 1
118 1
2485 1
1374 0
119 1
3552 0
3201 0
306 0
4107 0
2918 1
2711 1
527 1
2061 0
450 0
1791 0
120 0
3923 1
121 1
3664 1
2961 0
1464 0
1960 1
2185 1
2165 1
732 0
1722 0
1580 1
124 1
125 1
3466 1
3394 1
1541 1
126 0
2216 1
3429 0
774 0
127 1
350 1
128 1
2062 1
2079 0
129 0
3854 1
130 1
4129 1
434 1
2428 1
131 1
961 1
2947 1
132 0
1857 0
3618 0
1814 1
522 0
523 1
4142 1
821 1
982 1
311 1
665 1
187 1
412 1
317 1
3455 1
133 1
1184 1
1009 1
2154 0
2327 1
134 1
4072 1
2058 0
135 0
3938 1
3769 1
2890 1
136 1
224 1
3205 1
1895 1
2922 0
3819 0
526 1
3505 1
1010 1
4084 1
3221 1
3126 0
1207 1
3162 0
1980 0
2565 0
1492 1
1230 0
3366 0
3527 1
154 1
2926 1
2974 1
1615 1
138 0
744 0
1570 1
1068 0
139 1
2793 0
498 0
3591 0
140 1
3280 1
1506 0
2406 0
2531 1
2288 1
1369 1
2677 1
2394 0
1595 1
141 0
1240 1
1316 0
1491 0
3364 1
3792 0
142 1
3961 1
1565 0
2134 1
2397 0
1863 0
1870 1
145 1
2913 0
1437 0
3058 1
1618 1
1423 1
146 1
1450 1
3220 1
4125 0
147 0
1985 1
1652 1
1173 0
149 1
1714 1
150 0
3400 1
2382 0
1167 0
3906 0
3780 0
3653 1
2446 1
1297 1
3485 1
201 0
223 1
3170 1
419 1
1453 1
176 1
1715 1
392 1
2975 1
829 1
151 1
2408 1
152 1
2176 1
1281 0
2914 1
3939 0
1349 1
3111 0
1993 1
1740 0
636 0
302 1
1005 0
3948 0
2034 0
1243 1
3130 1
1979 1
3420 0
3173 1
160 1
1334 1
156 0
2592 0
3479 1
329 1
875 1
3100 1
1853 1
1052 1
157 1
2155 1
972 0
158 1
3576 0
380 1
159 0
2577 0
162 0
2529 0
2859 0
2549 1
163 1
811 1
4055 1
703 1
164 1
944 1
978 0
613 1
3830 1
728 1
2190 0
2223 0
165 0
2370 0
1315 1
581 1
3530 1
4140 0
2893 1
1102 1
3764 1
1046 1
2169 0
3706 1
603 0
1244 1
167 1
2608 1
4002 0
2963 1
1877 0
3798 0
1995 0
718 1
2511 0
168 0
990 0
169 1
3057 0
2955 0
2733 0
170 1
4078 1
1789 1
2830 1
171 0
2984 1
3192 0
172 1
309 0
173 1
454 1
174 0
1707 1
2674 1
2544 0
2817 0
2355 0
1142 1
3896 1
3563 1
2815 1
177 0
1122 0
788 1
702 1
179 1
3217 1
1698 0
4099 1
1556 1
2612 1
1820 1
3491 1
180 0
2021 1
2006 1
1542 0
2173 1
181 1
1107 0
2467 1
182 1
3144 0
347 1
2400 0
2829 0
3374 1
3734 1
537 0
3387 0
1148 1
184 1
1728 1
3699 0
902 1
1304 1
1513 1
3751 1
3919 1
185 1
2378 1
1549 1
1486 1
1031 1
186 0
888 0
920 1
2589 0
1502 1
188 1
3969 0
3910 1
189 0
1358 1
190 1
3332 1
191 0
3813 0
1702 1
2121 0
2891 1
332 1
3661 1
557 1
2194 1
1402 1
3002 1
192 0
193 1
4098 0
878 1
194 1
3403 1
195 0
3066 0
4076 1
2221 1
4133 1
3014 1
3022 1
1417 1
197 1
1072 1
1472 1
2517 0
630 0
592 1
2748 0
198 0
1861 1
199 1
1636 1
3876 0
2682 0
345 0
3129 0
282 0
666 0
200 1
3083 1
2804 1
1253 1
1892 1
2094 0
3582 0
1071 0
3782 1
3304 1
1181 1
565 1
248 1
1466 1
202 1
203 1
2698 1
204 0
205 1
2659 1
206 1
3709 1
2020 1
3397 1
1614 0
3391 1
208 1
1057 1
3155 1
2980 1
710 1
1020 0
3564 0
209 1
2218 1
210 0
1560 1
211 1
379 1
1873 1
467 1
1094 1
212 1
2901 0
4093 1
1359 0
213 0
1321 1
2567 1
214 1
601 1
1481 1
215 1
3521 1
2683 1
468 0
2599 1
3018 0
2487 0
1823 1
216 0
676 1
2991 0
217 1
406 1
218 1
2402 1
3668 1
3469 1
219 0
4005 0
313 1
1705 1
220 1
515 1
1733 1
3143 1
1352 1
4041 0
2954 1
1868 1
1553 0
403 1
2580 0
2069 1
790 1
2584 1
977 1
3941 1
2663 1
1002 0
679 1
2989 1
3409 1
1519 1
1840 1
1650 0
1651 1
692 1
2036 1
3451 1
2292 0
221 1
222 0
3602 1
3124 1
1894 1
617 1
552 0
2953 1
1989 0
436 1
1978 1
225 0
4037 1
226 1
385 1
3266 1
3843 0
772 1
1543 1
3658 1
2512 1
2340 0
798 0
1508 1
1254 0
2024 1
3719 1
1007 1
690 0
3573 0
1527 0
3257 1
2245 1
1098 0
229 1
3696 0
536 1
2970 0
230 1
912 0
4156 1
231 0
3825 0
2651 1
3005 1
686 1
233 1
234 0
820 1
3327 0
235 1
1476 0
2668 1
3294 0
236 1
801 0
238 1
1776 0
2585 1
530 1
1608 1
3046 1
239 1
1320 0
637 1
2813 1
3623 1
240 0
2940 0
958 1
241 1
4128 0
2375 1
242 1
243 0
1919 1
245 1
291 0
324 0
2821 1
1514 1
2298 0
1829 1
246 0
1064 1
1370 1
4111 1
247 1
2401 1
4074 0
249 0
3800 1
3299 1
250 1
1270 1
251 1
3388 1
252 0
2049 0
2693 1
1997 1
253 1
1672 1
865 1
1522 1
1353 0
254 1
3747 0
1573 1
255 0
257 1
3232 1
4065 0
3924 0
2545 1
1032 0
3259 1
259 1
1936 1
1825 1
610 1
1438 1
2645 1
1237 1
261 0
3171 0
2421 0
1451 1
3646 1
263 1
1512 0
605 1
264 0
2457 0
3674 1
1574 1
266 1
2480 1
1061 1
2743 1
4030 1
2319 0
267 0
3472 1
3216 0
2032 1
1313 1
2332 1
1487 1
268 1
985 1
2927 1
269 1
270 0
2433 0
3286 1
3369 0
271 1
4153 1
4014 0
272 1
2759 1
273 0
482 1
2999 1
274 1
1640 1
3473 1
275 1
1984 1
276 0
277 1
1355 1
278 1
2330 1
3507 0
2443 1
279 0
1545 1
3786 0
3051 0
2001 0
1906 1
1716 0
394 1
1272 0
3673 1
3071 1
4028 1
2078 1
991 1
280 1
281 1
4096 1
2308 1
850 1
2965 1
2391 0
794 1
1635 0
492 0
2418 0
3123 0
4039 1
2012 1
283 1
897 0
776 1
2764 1
284 1
3922 1
3167 1
286 1
287 1
1992 0
3665 1
3031 1
288 0
2936 1
3288 0
1475 1
1965 0
289 1
2142 0
290 1
2873 1
2770 1
1773 0
3588 0
389 1
4105 1
2157 0
2448 0
3666 0
3107 1
1302 0
1435 1
2526 0
3365 1
783 0
2299 1
1639 1
1447 1
2541 0
3054 0
1971 0
1080 0
3380 1
1275 0
318 0
292 1
295 1
293 1
300 0
294 0
1372 1
2690 1
643 1
3753 0
1066 1
1579 1
720 0
3510 0
1801 1
2009 1
764 1
2812 1
1053 0
2213 1
818 1
2755 1
806 1
297 0
2305 1
1062 0
298 1
2850 0
3190 1
1688 1
570 0
2414 1
299 1
456 0
654 0
2065 1
1771 1
1190 1
1768 1
2587 1
3669 0
301 1
1856 1
2740 1
3349 1
442 1
797 1
303 0
1530 0
2917 1
2928 0
612 0
359 1
1160 1
1831 1
2704 1
3089 1
2548 1
762 0
305 1
2646 0
307 1
1999 1
3815 1
308 1
2197 1
3687 0
310 1
2496 0
3041 1
422 1
2742 0
3001 1
1145 1
3655 1
4023 0
445 1
312 0
1344 0
2966 1
314 1
1657 1
813 0
1174 1
1015 1
319 1
2499 0
4004 1
615 0
1420 1
2350 1
3189 0
2436 0
3866 1
1695 0
320 1
321 0
966 0
323 1
831 0
3604 1
3975 0
1049 1
2923 1
1719 0
335 1
325 1
1869 0
3998 1
326 1
1629 0
327 0
1641 0
2694 0
3799 1
328 1
3476 1
2951 1
330 0
331 1
3185 1
861 0
333 0
1399 1
334 1
656 1
1937 1
2297 1
336 0
1681 1
1210 1
337 1
2238 0
338 1
3504 0
3025 1
1377 0
4001 1
3867 0
3597 0
339 0
2769 0
1412 1
549 0
2730 0
4103 1
3444 0
3050 1
2983 1
2349 0
959 1
340 1
2560 1
694 1
3594 0
1292 1
3599 1
1617 0
1875 0
3988 1
3413 1
3672 0
2138 1
2908 1
2334 0
2144 1
1510 1
2025 0
2539 1
2028 0
3315 0
3422 1
1747 1
2089 1
2109 0
341 1
3608 1
1817 1
342 0
3826 1
2523 0
2516 1
3925 1
2934 0
3392 1
2113 1
3094 1
1418 1
822 0
1898 1
3454 1
348 0
3853 1
734 1
349 1
393 0
3009 0
2630 1
3585 0
3339 0
2444 1
3345 0
2964 0
2453 1
1945 1
2270 1
1700 1
554 1
4024 1
3070 1
351 0
2320 1
352 1
1265 1
353 1
1152 0
1468 1
354 0
2944 1
2882 1
3705 0
1319 1
1721 1
355 1
1762 1
2492 1
716 1
357 0
2082 0
1388 1
358 1
2149 1
360 0
1693 1
361 1
362 1
3379 1
3515 1
363 0
364 1
892 1
365 1
2105 1
367 1
1430 1
368 1
2675 1
1847 1
369 0
3933 0
370 1
4141 1
3020 1
2195 1
3415 1
3838 1
372 0
1282 1
3486 0
373 1
2209 1
374 1
1248 0
375 0
3336 0
3714 0
376 1
1346 1
3302 1
857 1
3574 1
2905 1
2783 1
377 1
760 1
3180 0
1383 0
378 0
3928 1
1186 1
3489 0
2337 0
2018 1
2158 1
2898 0
2712 0
576 0
2426 1
1310 1
382 1
3106 1
2933 1
2231 1
1129 1
1563 0
383 1
411 0
2503 1
2713 1
2077 1
386 1
496 1
387 0
2387 1
388 1
390 0
391 1
2472 0
3729 0
2566 1
1770 0
3980 1
3213 0
3346 1
1811 1
2869 1
3319 1
793 1
1051 1
3871 1
1192 1
730 1
4077 0
2417 1
1586 1
2836 1
3958 1
3480 0
2266 1
395 1
2912 1
563 1
3021 0
396 0
2464 1
1250 1
2005 1
1050 0
626 1
397 1
1793 1
2026 1
1004 1
4010 1
398 1
2884 1
399 0
3745 1
3715 1
807 0
2879 1
1516 1
588 0
400 1
1912 1
2074 1
2162 1
1075 1
980 1
1309 1
402 0
404 1
3076 1
940 1
407 1
408 0
1792 1
409 1
2010 0
1973 1
410 1
2802 0
2398 1
1182 0
1931 1
2494 1
975 0
514 1
413 1
848 1
2856 0
3571 1
2860 1
3165 0
414 0
1168 1
3690 0
3772 1
941 1
415 1
3875 1
416 1
594 0
417 0
1194 0
1679 1
418 1
2384 1
420 0
2937 0
2022 0
3640 1
1247 1
423 0
600 1
2030 1
3726 0
870 0
449 1
1083 0
425 1
3184 1
545 1
3818 1
426 0
2315 1
427 1
3824 1
688 1
3260 1
428 1
1880 1
2236 1
3517 1
1647 0
3239 1
430 1
480 0
4051 1
4117 1
431 1
871 1
2122 1
3212 0
2605 1
830 1
2415 0
432 0
433 1
1884 0
435 0
1085 1
1410 0
518 1
2887 1
2697 0
1419 0
1356 0
589 1
2449 1
2642 1
3989 1
3105 0
2789 1
437 1
448 1
438 0
2276 1
2364 0
1630 1
439 1
2939 1
2051 1
2434 1
2325 0
3767 1
2255 1
3540 0
2357 1
1749 0
2338 1
2550 0
948 0
3158 1
1368 0
2841 0
444 0
3691 1
2047 1
446 1
2275 1
447 0
3056 1
1761 0
3330 0
2491 1
799 1
1795 1
3110 1
1139 1
2805 0
624 0
3679 1
917 1
3847 1
1966 1
495 0
2906 1
2365 1
451 1
915 0
452 1
4008 0
2895 0
453 0
753 0
1012 1
646 1
471 0
2952 0
1628 1
1886 1
3308 1
455 1
1842 0
1807 1
754 1
3891 0
919 1
4058 1
4155 0
3101 1
457 1
458 1
459 0
1224 0
1888 1
2751 0
708 0
3567 0
460 1
1659 1
461 1
3973 1
462 0
4122 0
2373 0
3438 0
463 1
464 1
465 0
2146 1
3858 0
1287 0
2023 1
469 1
470 1
3742 1
472 0
3154 1
932 1
473 1
745 1
2285 1
1774 1
474 0
2081 1
475 1
476 1
3368 1
477 0
3844 1
3338 1
649 1
2248 1
3481 1
3677 1
3870 0
2701 1
478 1
479 1
1841 1
481 1
641 1
4080 0
4132 1
957 0
1169 1
2386 1
1003 1
1902 0
3062 1
484 1
3776 1
1787 1
750 0
3736 1
1901 1
486 0
3872 1
2689 1
1676 1
1800 0
2490 0
655 1
489 0
1626 0
490 1
491 1
2193 0
3407 1
3791 1
2604 0
493 1
494 1
3580 1
2053 1
497 1
499 1
689 1
3093 0
1461 0
2695 1
3642 0
1205 1
501 0
502 1
503 1
2691 0
3032 1
3417 0
505 1
507 0
3777 0
604 1
877 1
2465 1
508 1
2839 1
510 0
1161 0
566 1
1479 0
511 1
3638 1
2411 1
3781 1
2230 1
513 0
3043 1
3568 1
3360 0
3675 0
2068 1
1114 1
516 0
1485 0
3245 1
517 1
737 1
1957 1
1905 0
1336 1
2522 1
1772 1
3007 1
1286 1
1677 0
3249 0
2578 1
3318 0
525 0
3790 1
1837 1
2971 1
2422 1
520 1
1204 1
2463 0
521 1
2962 1
524 1
3264 0
2981 1
3905 1
2153 1
528 0
2973 0
1470 0
1839 0
529 1
3448 1
2106 0
3131 1
964 0
1455 0
531 0
1609 1
1406 1
532 1
952 1
2514 0
725 1
533 1
2080 1
3090 0
534 0
1385 1
3894 0
1961 1
535 1
585 0
2379 0
3307 1
2217 0
3243 0
2291 1
2353 1
1701 0
2872 1
3529 1
1208 1
1196 1
2637 0
1045 1
538 1
542 0
539 1
2226 0
4027 1
1326 0
541 1
2909 1
3037 1
3188 1
1918 1
543 0
2837 1
544 1
3738 0
974 1
546 0
2120 1
3555 0
548 1
550 1
3237 0
551 1
3128 1
553 1
555 0
3160 1
3385 1
556 1
1074 0
558 0
756 0
559 1
836 1
3342 0
560 1
4112 1
3282 0
2099 1
561 0
2100 0
2559 0
562 1
2140 1
2148 0
3997 1
564 0
3317 1
3121 1
567 0
2800 1
2336 1
2314 1
2261 1
568 1
569 1
976 1
3584 1
678 0
571 1
2374 1
572 1
1956 0
1661 0
575 1
2907 0
3293 1
1222 1
3962 1
578 1
3434 1
1149 0
3069 0
1345 1
595 1
1351 1
1929 0
2749 1
580 1
582 0
1687 1
584 1
2653 1
1816 1
1048 1
587 1
2714 1
590 1
591 0
2781 0
593 1
942 0
4081 1
3263 1
596 1
4059 0
1342 1
597 0
3498 0
2243 1
599 1
3508 1
3766 1
602 1
859 1
2563 1
1100 1
846 0
4047 0
4119 0
1439 1
1056 0
2852 1
3557 1
2982 0
2471 1
3497 1
3879 0
1070 1
1584 0
2994 0
895 1
606 0
3963 0
3694 1
607 1
701 1
608 1
1643 1
2972 1
609 0
2127 0
1172 1
611 1
2718 0
2688 0
3496 1
614 1
616 1
2509 1
619 1
620 1
621 0
1229 1
1942 1
622 1
1312 1
1409 1
3354 1
623 1
2265 0
2582 1
625 1
1217 1
3662 1
627 0
3061 1
628 1
629 1
3802 1
631 1
1111 1
632 1
2786 1
633 0
1663 1
634 1
1729 1
2562 0
2754 0
2896 1
1322 1
1323 0
1600 1
1682 1
1219 1
3707 1
2892 0
638 1
4003 1
2758 1
639 0
1568 0
2723 1
934 1
905 0
4135 1
658 1
3625 1
1975 1
644 1
3635 1
3990 0
1128 0
2207 1
781 1
926 1
2671 1
1223 1
2679 0
3442 1
1448 1
1690 1
3484 1
3546 0
648 0
2136 0
1706 1
4143 0
4036 1
3991 1
2117 1
1183 1
2366 1
3359 1
2323 1
3931 1
653 1
3812 1
4087 1
657 0
3463 1
659 1
660 0
3935 1
661 1
662 1
3405 0
2183 1
663 0
1611 0
668 1
2088 0
669 0
670 1
1625 1
671 1
949 1
2486 1
1482 0
3535 1
2163 0
2672 1
1338 0
674 1
1154 1
675 0
1076 1
677 1
3300 0
2761 1
1867 1
2753 1
2437 1
680 1
715 1
2692 1
2260 1
1531 1
2430 0
681 0
2393 1
682 1
683 1
2985 0
1460 1
1821 0
3233 1
2258 1
2269 1
685 1
687 0
4048 1
832 1
2878 1
3068 1
3373 1
2070 0
691 1
3426 0
1532 1
3918 0
3689 1
1913 1
693 0
2579 1
1785 0
2427 0
3052 1
695 1
3361 1
3778 1
1059 0
1798 1
4120 1
2045 1
805 1
3222 0
697 1
2172 0
698 1
1696 1
1526 1
699 0
2041 1
700 1
3660 0
1525 1
3439 1
4131 0
3957 0
751 1
706 1
707 1
3637 1
2767 1
709 1
712 1
713 1
1594 1
3605 1
3431 1
714 0
2993 1
3960 0
1551 0
717 0
2232 0
719 1
3537 0
1065 0
3197 1
3055 1
721 1
2575 1
722 1
1753 1
3740 1
1263 0
723 0
886 1
724 1
2458 1
727 1
2050 1
729 0
1459 1
2493 0
2161 1
2371 1
2204 1
1920 0
731 1
3270 0
3624 0
2180 1
3972 0
758 1
3446 1
4137 0
3946 1
2310 0
3118 1
3150 0
3119 1
757 1
3254 1
2623 1
733 1
881 1
3966 0
2791 1
736 1
1130 1
3277 1
1962 0
738 0
1200 0
739 1
740 1
742 1
2484 0
2696 1
891 0
1804 1
743 1
4150 1
746 1
747 0
748 1
1662 0
749 1
3023 1
2033 1
2170 1
4031 1
1784 1
883 1
2301 0
4086 0
2316 0
1328 1
1054 1
3311 1
1928 1
1711 1
763 1
1578 0
2614 1
1642 1
1876 1
765 0
2435 1
767 1
2628 0
1483 1
769 1
1739 1
844 1
4022 1
770 1
773 1
1959 0
775 1
2501 1
3916 1
1582 1
779 1
1666 1
2883 0
1366 1
3398 1
3785 1
2160 0
1155 0
2389 1
2518 1
3297 0
3236 1
3942 0
1766 1
3112 1
1838 1
3695 1
1136 1
2931 0
2409 0
780 0
3488 1
1407 0
2699 1
784 1
3892 1
785 1
2552 1
2466 0
786 0
3525 0
3914 1
3159 0
1037 1
2842 1
1943 1
2808 0
2186 1
2263 1
789 0
899 1
1623 0
2885 1
791 1
1218 0
792 0
2200 1
2438 1
795 0
3713 1
1331 1
2057 1
2201 1
2202 0
3917 1
796 1
993 0
1683 1
2246 1
2543 1
1944 0
2708 1
3671 1
1612 1
2048 1
3393 0
1384 1
1008 0
1939 1
916 1
2324 1
3163 1
3678 0
3531 0
2717 1
4134 0
804 0
1318 1
808 1
2450 1
2519 1
809 1
2003 1
4052 1
2206 1
2854 1
2103 0
1529 1
2739 0
2846 1
810 0
1649 1
3412 1
3287 1
3692 1
1124 1
815 1
816 0
3739 1
2019 0
2956 1
1314 0
2734 1
1726 1
4046 1
2777 1
3044 1
819 0
1528 1
3569 1
998 1
2470 1
1524 0
2423 1
843 0
824 1
2838 0
825 0
3298 1
1123 1
826 1
827 1
1883 1
4043 1
1198 1
828 0
2746 1
3619 1
1490 1
2537 1
833 1
834 0
2008 1
835 1
1536 0
2322 0
838 1
1079 1
839 1
840 0
3088 1
841 1
842 1
3852 0
3340 1
847 1
2211 0
2558 1
849 0
3186 0
2483 1
851 1
1970 1
3475 1
2118 0
3932 1
852 0
853 1
4020 0
854 1
855 0
3912 0
856 1
2098 1
858 0
860 1
2182 1
862 1
864 0
3414 0
1692 0
867 0
1648 1
3281 1
1810 1
1521 0
3073 1
2570 1
868 1
3214 1
3783 0
869 1
1150 1
1757 1
872 1
874 1
876 0
2832 0
3560 1
2188 1
2590 1
3513 0
879 0
3502 1
880 1
3968 0
882 0
1889 1
3363 0
1638 0
1815 0
2029 1
1360 1
2495 1
973 1
2845 1
884 1
887 1
2282 1
3015 0
3737 1
4079 1
890 1
1746 0
2880 0
900 0
1285 1
2968 1
981 0
1221 0
2661 0
4127 1
3120 0
3383 1
893 1
1446 0
894 0
896 1
1616 1
1022 1
2097 0
1422 0
901 1
903 0
906 0
2958 0
907 1
3985 1
908 1
911 1
1848 0
1849 1
1104 0
1925 1
3447 0
3518 1
918 0
1656 1
3984 0
3987 0
1311 0
2396 1
921 0
922 1
3331 1
923 1
3811 1
2950 1
1871 1
925 1
2040 0
1211 1
2240 1
4139 1
2253 0
1619 0
927 1
4006 1
928 1
1477 1
1575 0
931 1
1027 1
3045 0
933 0
1038 0
936 0
1036 1
4088 1
938 1
2632 1
2932 1
2792 1
3620 1
943 1
3626 1
960 0
2897 1
1387 1
2636 1
947 1
950 1
951 0
2627 1
953 1
3627 0
954 0
2042 1
4061 1
955 1
956 1
3592 1
3684 0
2621 1
3630 0
2640 0
996 0
4045 1
2242 1
2179 1
3784 1
1953 0
1764 0
3795 0
3634 1
2871 0
2941 1
1934 1
1189 1
1166 1
3967 1
962 1
3606 0
963 0
3459 0
965 1
2360 1
1153 1
967 1
1734 0
968 1
2152 1
1442 1
969 0
2294 1
971 1
1193 1
1509 0
1596 1
1390 1
1557 0
3424 1
1922 1
1988 1
3251 1
1138 1
2702 1
1393 1
4089 0
3166 1
3804 0
979 1
3756 0
1588 1
983 1
1215 0
984 0
3450 0
986 1
987 0
988 1
1000 1
989 1
2997 0
3549 0
3151 1
1589 0
3805 1
1041 0
992 1
2506 1
3082 1
2810 1
994 1
995 1
3084 0
2535 0
997 1
999 0
3206 1
3978 0
2404 1
1674 0
1006 1
3701 1
4110 0
2215 1
1011 0
3187 1
3471 0
1013 1
2481 0
1014 0
2358 0
2150 1
3887 1
1458 0
3416 1
1017 0
1018 1
1664 0
4035 0
3794 1
3711 0
1021 1
3316 1
3149 1
1023 0
1024 1
1159 1
1025 1
1026 0
3079 1
2807 1
1028 1
3224 1
2451 0
3575 1
1029 0
1885 1
1030 1
3234 0
3732 0
1033 1
2617 1
1095 0
1035 0
2361 0
1039 1
3628 1
3060 0
2798 1
3049 1
1043 1
1603 1
2405 1
1151 1
1044 0
1239 0
1047 0
3320 1
3698 1
2037 0
1343 1
1697 0
1488 0
1300 1
2766 0
3097 1
4069 1
3752 1
3993 0
3108 0
1860 0
1195 1
1058 1
3724 1
1534 1
2460 0
1060 1
2634 0
1809 0
2946 0
2772 0
2289 0
2039 1
1063 1
1845 0
1067 1
3982 1
1073 1
3911 1
1078 1
1081 1
1082 1
1544 1
2004 0
3238 1
3880 1
4015 1
1084 1
4104 0
2760 0
2768 1
1086 0
1796 1
2454 0
3464 1
2948 1
1088 1
3889 1
1091 1
1092 0
3977 1
1093 1
1252 1
2536 1
4034 1
2488 1
1572 0
3358 1
1096 1
3008 1
3250 1
1278 0
1097 1
1099 1
3890 1
3252 0
1765 1
1404 0
1202 1
1911 0
2413 1
3465 0
2249 1
3063 0
1105 1
1106 1
1865 1
1284 0
3718 1
1769 1
3793 1
1108 1
2924 1
2363 1
1110 0
2886 0
4116 0
3544 1
1879 1
3773 1
2175 0
1112 1
1113 0
1115 1
2662 1
1116 0
1117 1
3244 1
4066 1
1118 1
1120 1
3357 0
2782 1
1121 1
1758 0
3427 1
1125 0
1126 1
1127 1
2171 1
1131 0
1132 1
2095 1
3335 1
1134 0
1834 1
1135 1
1140 0
2313 0
3092 1
3436 1
1141 1
3610 1
2862 0
1146 0
3370 1
1147 1
4101 0
3352 1
3034 1
3027 0
3809 1
1708 1
3757 1
2676 0
3177 0
2534 1
3367 1
1668 0
1156 1
2167 1
1157 1
1158 0
3200 1
1165 1
3816 0
1824 0
2881 1
1828 1
2508 0
1170 1
3657 0
1171 1
3955 1
1554 0
1175 1
1176 0
2203 1
1178 1
1179 0
1180 1
4109 1
3572 1
1289 1
3291 0
3176 1
4040 1
1185 0
2420 1
2806 1
1337 1
2596 1
2347 1
1212 0
1645 1
3523 1
1878 0
2017 1
3927 0
1187 1
1188 0
1990 1
3550 1
2416 1
2721 0
1803 0
2295 0
1191 0
4000 1
3478 1
3321 0
1197 0
1691 1
2942 1
3821 1
1969 1
2609 1
3861 0
3209 1
3964 1
2877 0
1203 0
3226 1
1866 0
1206 0
2131 1
2911 1
3688 1
1755 0
1228 1
2044 0
2239 1
3202 1
3348 0
2816 1
2189 1
4053 0
1213 1
1216 1
1463 1
1220 1
4090 1
3862 1
3047 1
1225 1
1226 1
1227 0
1653 0
1231 1
1232 1
1233 0
1234 1
3680 1
1236 0
3210 0
3134 1
1238 1
4049 1
2705 1
1241 1
2328 0
4097 1
1245 0
3837 0
3970 1
1434 0
3851 1
3981 0
3362 1
3474 0
4018 1
2356 1
2133 0
2043 0
2732 1
1391 1
1251 0
3712 1
2015 1
4092 0
1255 1
1256 0
1257 0
1259 1
3901 1
2102 1
4113 0
1261 1
2557 1
1262 1
3072 0
3109 1
1736 1
3656 1
3272 1
3551 1
1267 1
1268 1
3103 1
1269 0
1348 1
2309 1
1273 1
2247 0
1274 1
1276 1
1720 1
2399 1
3607 1
2264 0
3296 1
1279 1
1732 1
2191 1
1361 1
1364 1
2943 0
4067 1
3493 1
2797 1
2513 1
1283 1
2241 0
1658 1
3183 0
1449 0
3877 1
1288 1
1291 1
1293 0
3849 0
3265 1
1724 0
1604 1
3945 0
1298 1
1299 0
3441 0
1301 1
3125 1
1306 1
1731 1
2574 0
1307 1
1308 0
3883 1
1972 1
1332 0
3697 1
3344 1
2119 1
2666 1
4146 0
3763 1
1317 0
3006 0
1613 1
1325 1
1327 1
1813 1
1478 1
1329 0
2925 0
1882 1
1333 1
2629 1
1335 0
2054 1
1340 1
1341 0
2271 0
3377 1
1347 0
2303 1
1350 0
2425 1
1954 1
2785 1
1354 1
1398 0
2256 0
2722 1
2735 1
4063 1
1362 0
2904 0
2681 1
2474 1
1363 1
4013 1
1365 0
2649 0
1367 1
3761 1
2775 0
3425 1
1371 0
1737 0
1373 1
1908 0
2853 0
1376 1
1780 1
3631 1
1379 1
2002 1
2281 1
1380 0
1382 1
1386 0
2076 0
3261 0
1392 0
1394 1
4044 0
1395 0
3722 1
2569 1
2461 1
1400 1
3029 1
1401 0
1593 1
3996 0
1983 0
1403 1
3902 1
1405 1
1408 1
3191 0
1411 1
1413 0
1415 1
1416 0
2729 1
2902 1
3708 0
1424 1
2727 0
1425 0
1495 1
3164 1
1655 0
1426 1
2412 0
1427 1
1431 0
1429 1
3720 0
2826 0
3035 1
3500 1
1436 1
2818 1
1440 0
1441 1
3612 0
3907 1
2831 1
1443 0
3683 1
1445 1
1709 1
2665 1
3204 0
2824 1
1454 1
1457 1
1665 0
3621 0
1467 0
1469 1
1745 1
1474 1
4094 1
2613 0
1484 1
2987 1
2719 1
1991 1
1489 1
4009 1
3492 0
1654 1
1496 1
2844 0
1500 0
2346 0
3803 1
3453 0
2530 1
3590 1
2214 0
1503 0
1504 1
4147 1
1511 1
2960 1
2867 1
3174 0
1862 1
1915 1
1517 1
1520 1
2293 1
2949 0
1933 1
1607 1
2056 1
2227 1
3733 1
1533 1
3845 1
1535 1
3113 1
1538 1
1540 1
1781 1
1546 1
1547 1
1552 1
2643 0
1835 1
1555 1
1907 1
1710 0
1558 1
1559 1
3303 0
1561 1
4017 0
1564 1
2072 1
3545 1
1566 0
1567 1
2235 0
2728 1
2868 0
2052 0
2573 1
1576 1
3074 1
1818 0
1583 1
3556 1
1585 1
1930 1
3350 1
1587 1
1620 0
4149 0
1590 0
2145 0
3048 0
1598 1
1599 0
1601 1
2875 1
1602 0
3248 1
2822 1
2407 1
3196 1
1605 0
3494 1
2863 1
1606 1
1743 0
1610 1
3499 1
3169 1
1903 1
3289 1
1621 1
1622 0
1624 1
3749 1
2555 1
1627 1
2164 1
3617 1
1631 1
1632 0
1633 1
1634 0
3295 1
1637 1
2016 0
1646 1
2571 0
4011 0
2990 1
2205 0
2326 1
1660 1
1836 0
1667 1
3614 1
1669 1
1671 0
1673 0
2595 0
1675 1
2224 1
2279 1
3490 1
3865 1
1678 1
3593 1
3218 1
1794 0
1684 1
3157 1
1685 1
1686 1
2765 1
1694 1
2707 1
1699 1
2250 0
3402 0
1703 0
2442 0
2286 0
1712 0
1713 0
1897 1
3179 1
3231 0
2147 1
1717 1
1723 1
1938 0
3543 0
3091 1
3199 1
1727 1
2063 1
2046 0
3468 0
3086 1
3247 1
1735 1
2333 1
1987 1
1744 1
3285 0
3458 1
4085 1
4123 1
1752 0
2007 0
1754 1
4068 0
1759 1
1881 0
1760 1
1763 1
1994 1
1767 0
3888 0
2803 1
2228 1
3501 0
3986 1
3704 1
2874 0
2300 1
3033 0
1775 1
2597 1
2343 0
2060 1
3855 0
1777 1
3482 1
1778 1
3443 1
3404 1
3235 1
1786 1
1822 1
1788 0
3024 0
1790 1
2986 1
4025 1
1797 0
1799 1
2684 1
2342 1
3198 0
2344 1
1802 1
1805 1
1808 1
3445 1
1812 0
1819 1
3979 1
1827 0
3337 1
1830 0
3929 1
2027 1
3132 0
1833 0
3833 1
2583 0
3227 1
2747 1
3541 1
2919 0
2280 0
1850 1
1855 1
1858 1
2899 1
1864 1
2192 1
2744 1
3820 1
3114 0
2151 0
2607 0
1874 1
3539 1
1914 0
4070 1
3147 0
2814 0
4154 1
4091 1
3562 1
2619 0
1890 0
1896 0
3731 1
3561 0
1899 0
2564 0
1900 1
4108 1
2335 1
3077 1
1910 1
2554 1
2090 1
2108 1
1917 0
3326 1
1923 0
1924 1
2331 0
1949 1
2086 1
1926 0
2469 0
3019 1
1932 0
1935 0
2588 1
2455 1
3823 1
3900 0
3208 1
2865 0
1986 0
2502 0
3771 0
3589 1
3636 0
2757 0
1950 0
1951 1
1952 1
3644 1
2670 0
1958 1
1963 1
1967 1
3140 1
1982 1
3868 1
2532 0
3951 0
3116 1
1998 0
4073 1
2011 1
2716 1
3937 1
2013 0
2014 1
4056 0
3078 0
3390 0
2031 0
2959 1
2507 1
3840 0
3953 1
3495 0
3860 1
2055 0
2538 0
2059 1
2064 0
2067 0
2945 1
3940 1
2071 1
2073 0
3693 0
2440 1
2618 1
2084 1
3983 1
3381 0
3274 1
2091 0
2787 0
2092 1
2093 1
2910 0
2652 0
2096 1
2101 1
2498 1
3893 1
2581 1
2110 1
2112 0
2115 0
2475 0
2369 1
2778 0
2124 0
2603 1
2125 1
2126 0
2129 1
2128 1
4144 1
2212 1
2130 0
3375 0
2132 1
2135 1
2141 1
2143 1
3460 1
2725 1
2329 1
2156 1
3137 1
2159 1
2419 1
2551 1
3633 0
2166 0
2441 1
3834 0
3836 1
2540 1
3615 0
2177 1
2178 0
2969 1
2639 1
3146 1
2181 0
3873 0
3255 0
3275 1
3038 1
2198 1
4102 1
2210 1
2359 1
4019 1
2992 1
2219 1
2220 0
2657 1
3616 1
2848 1
3341 1
3156 0
3152 1
2354 1
2229 0
2638 1
2233 1
3583 1
2237 1
4032 0
2251 1
4114 1
2900 1
2259 0
2524 1
2510 1
3864 0
3947 1
2272 1
3579 0
2274 0
2888 1
3153 0
3013 1
2287 1
3080 1
3016 1
2321 1
2795 1
3663 0
3758 1
2547 0
4136 1
2840 1
2351 1
2889 0
2706 0
2367 0
2368 1
2372 1
3268 1
2381 1
4083 0
2385 0
2505 0
3885 0
2809 1
4042 1
4029 0
2392 1
2473 1
2403 0
2827 1
2410 1
3603 0
2957 1
3347 1
3012 0
2774 1
2431 1
3930 0
2439 0
2447 1
2626 1
3334 1
2452 1
3601 1
3309 0
2456 1
2521 1
2468 1
3081 0
2497 1
3026 1
2500 1
3586 1
3219 0
2504 1
3161 1
3461 1
2855 1
2664 0
3532 1
2527 1
2528 1
2542 1
2876 1
3959 1
3534 0
2553 0
2556 0
3976 1
2561 1
4064 1
3301 1
3526 1
4033 1
3878 1
4021 1
4124 1
3305 1
3748 1
3895 1
4126 1
3903 0
2593 1
2594 1
2600 1
2601 1
3548 1
2606 1
2610 0
3506 1
2620 1
3452 1
4082 1
2635 1
3003 0
2641 1
3522 0
3017 1
2650 1
2658 0
3670 1
2660 1
2780 1
2851 1
2673 0
2678 1
3965 1
2680 1
2687 1
3042 0
3723 0
3827 1
2736 0
2741 1
3470 1
2752 1
3040 1
2756 1
3395 1
3995 1
2776 1
3944 1
2788 1
3898 1
2916 0
3810 0
2794 1
2796 0
3835 1
2801 1
2811 0
2819 1
3075 0
2820 0
3477 0
2823 0
3943 1
2833 1
2834 1
2930 1
3974 1
2857 1
2858 1
2861 1
3258 0
2903 1
3278 1
2915 1
2920 1
3240 0
3269 1
2935 1
2938 1
3676 1
3519 0
3559 1
2976 0
3611 1
3428 1
2979 0
3449 1
3629 1
3651 0
3839 1
3926 1
2995 1
2998 1
3000 0
3053 1
3010 1
3596 1
3028 1
3036 0
3333 0
3848 1
3064 1
3310 1
3920 1
3915 0
3065 1
3934 1
3087 0
3098 1
3099 0
3102 0
3195 0
3139 1
3142 1
3667 1
4071 0
3148 1
4106 1
3649 1
3178 1
3182 1
3329 1
3353 1
3207 0
3228 0
3952 1
3271 1
3306 0
3312 0
3313 1
3779 1
3881 1
3406 1
3423 0
3936 0
3371 1
4100 1
3399 0
3418 1
3432 0
3533 1
3435 0
3520 1
3659 1
3950 1
3514 1
3524 1
3542 1
3581 1
3598 1
3746 1
3613 1
3632 1
3650 1
3994 1
3754 1
3685 1
3721 1
3728 1
3829 1
3869 1
3814 1
4060 1
3842 1
3882 0
3971 1
4095 0
4138 1
